#
# A fatal error has been detected by the Java Runtime Environment:
#
#  EXCEPTION_ACCESS_VIOLATION (0xc0000005) at pc=0x00007ff913c13019, pid=1204, tid=0x000000000000461c
#
# JRE version: Java(TM) SE Runtime Environment (8.0_271-b09) (build 1.8.0_271-b09)
# Java VM: Java HotSpot(TM) 64-Bit Server VM (25.271-b09 mixed mode windows-amd64 compressed oops)
# Problematic frame:
# C  [ig11icd64.dll+0x593019]
#
# Failed to write core dump. Minidumps are not enabled by default on client versions of Windows
#
# If you would like to submit a bug report, please visit:
#   http://bugreport.java.com/bugreport/crash.jsp
#

---------------  T H R E A D  ---------------

Current thread (0x000001fd4ee3f000):  VMThread [stack: 0x00000042c9900000,0x00000042c9a00000] [id=17948]

siginfo: ExceptionCode=0xc0000005, reading address 0x00000000000352d8

Registers:
RAX=0x000001fd01137fc8, RBX=0x000001fd01137f00, RCX=0x0000000000000000, RDX=0x000001fd01137fc8
RSP=0x00000042c99fe5a0, RBP=0x000001fd6b79dbd0, RSI=0x000001fd01138410, RDI=0x000001fd53b088c0
R8 =0x0000000000000030, R9 =0x0000000000000000, R10=0x0000000000000000, R11=0x0000000000000246
R12=0x0000000000000000, R13=0x0000000000000000, R14=0x0000000000000000, R15=0x0000000000000000
RIP=0x00007ff913c13019, EFLAGS=0x0000000000010202

Top of Stack: (sp=0x00000042c99fe5a0)
0x00000042c99fe5a0:   000001fd53795aa0 00000042c99fe5e8
0x00000042c99fe5b0:   00000042c99fe5e8 0000005400000000
0x00000042c99fe5c0:   00007ff9145c36e0 00000000006560f8
0x00000042c99fe5d0:   000001fd538d54f0 0000000000000090
0x00000042c99fe5e0:   0000000000000000 00007ff913bf4fc4
0x00000042c99fe5f0:   000001fd53795aa0 000001fd53b088c0
0x00000042c99fe600:   00000042c99fe6f0 0000000000000000
0x00000042c99fe610:   000000000000b310 0000000000000000
0x00000042c99fe620:   0000004200000002 0000000000000000
0x00000042c99fe630:   0000000000000000 00000042c99fe830
0x00000042c99fe640:   00000042c99fe750 00007ff9946668f0
0x00000042c99fe650:   00000042c99fe800 0000000000000000
0x00000042c99fe660:   00000042c99fe8b0 0000000000000000
0x00000042c99fe670:   00000042c99fe6d0 00007ff97d92dde0
0x00000042c99fe680:   0000000000000000 0000000000000000
0x00000042c99fe690:   0000b80200f50000 000000000000b310 

Instructions: (pc=0x00007ff913c13019)
0x00007ff913c12ff9:   1d 8b c1 83 e0 0f 48 c1 e0 06 48 03 c2 48 85 c0
0x00007ff913c13009:   74 0c 48 8b 48 08 eb 08 48 83 c0 08 eb ef 33 c9
0x00007ff913c13019:   49 3b 8e d8 52 03 00 76 6b 48 8b 87 80 02 00 00
0x00007ff913c13029:   48 89 06 48 89 9f 80 02 00 00 ff 87 88 02 00 00 


Register to memory mapping:

RAX=0x000001fd01137fc8 is an unknown value
RBX=0x000001fd01137f00 is an unknown value
RCX=0x0000000000000000 is an unknown value
RDX=0x000001fd01137fc8 is an unknown value
RSP=0x00000042c99fe5a0 is an unknown value
RBP=0x000001fd6b79dbd0 is an unknown value
RSI=0x000001fd01138410 is an unknown value
RDI=0x000001fd53b088c0 is an unknown value
R8 =0x0000000000000030 is an unknown value
R9 =0x0000000000000000 is an unknown value
R10=0x0000000000000000 is an unknown value
R11=0x0000000000000246 is an unknown value
R12=0x0000000000000000 is an unknown value
R13=0x0000000000000000 is an unknown value
R14=0x0000000000000000 is an unknown value
R15=0x0000000000000000 is an unknown value


Stack: [0x00000042c9900000,0x00000042c9a00000],  sp=0x00000042c99fe5a0,  free space=1017k
Native frames: (J=compiled Java code, j=interpreted, Vv=VM code, C=native code)
C  [ig11icd64.dll+0x593019]
C  [ig11icd64.dll+0x574fc4]
C  [ig11icd64.dll+0x724481]
C  [ig11icd64.dll+0x5d1163]
C  [ig11icd64.dll+0x660fd5]
C  [ig11icd64.dll+0x66116d]
C  [ig11icd64.dll+0x571169]
C  [ig11icd64.dll+0x570ff9]
C  [ig11icd64.dll+0x5252cb]
C  [ntdll.dll+0x25021]
C  [ntdll.dll+0x6b102]
C  [ntdll.dll+0x6afad]
C  [KERNEL32.DLL+0x1cdda]
C  [ucrtbase.dll+0x1ae58]
C  [ucrtbase.dll+0x1870f]
V  [jvm.dll+0x21b365]
V  [jvm.dll+0x255ff6]
V  [jvm.dll+0x256557]
V  [jvm.dll+0x254cc5]
V  [jvm.dll+0x25543c]
V  [jvm.dll+0x25574c]
V  [jvm.dll+0x2a2dcc]
C  [ucrtbase.dll+0x210b2]
C  [KERNEL32.DLL+0x17c24]
C  [ntdll.dll+0x6d4d1]

VM_Operation (0x00000042c8dff1c0): Exit, mode: safepoint, requested by thread 0x000001fd69ce6800


---------------  P R O C E S S  ---------------

Java Threads: ( => current thread )
  0x000001fd69ce1000 JavaThread "Worker-Main-49" daemon [_thread_blocked, id=7176, stack(0x00000042cb100000,0x00000042cb200000)]
  0x000001fd69ce4000 JavaThread "Worker-Main-48" daemon [_thread_blocked, id=13508, stack(0x00000042ca000000,0x00000042ca100000)]
  0x000001fd69ce7000 JavaThread "Worker-Main-47" daemon [_thread_blocked, id=9996, stack(0x00000042c9e00000,0x00000042c9f00000)]
  0x000001fd69ce6800 JavaThread "SIGINT handler" daemon [_thread_blocked, id=7820, stack(0x00000042c8d00000,0x00000042c8e00000)]
  0x000001fd69cdf000 JavaThread "IO-Worker-46" [_thread_blocked, id=20192, stack(0x00000042cbc00000,0x00000042cbd00000)]
  0x000001fd69ce2800 JavaThread "IO-Worker-45" [_thread_blocked, id=21948, stack(0x00000042cb900000,0x00000042cba00000)]
  0x000001fd653d5800 JavaThread "IO-Worker-44" [_thread_blocked, id=11116, stack(0x00000042cab00000,0x00000042cac00000)]
  0x000001fd653ca800 JavaThread "IO-Worker-43" [_thread_blocked, id=13712, stack(0x00000042caa00000,0x00000042cab00000)]
  0x000001fd653d1000 JavaThread "Worker-Main-42" daemon [_thread_blocked, id=8100, stack(0x00000042c8e00000,0x00000042c8f00000)]
  0x000001fd653d4000 JavaThread "Worker-Main-41" daemon [_thread_blocked, id=20776, stack(0x00000042cb500000,0x00000042cb600000)]
  0x000001fd653d7000 JavaThread "Worker-Main-40" daemon [_thread_blocked, id=18424, stack(0x00000042cb300000,0x00000042cb400000)]
  0x000001fd653cb000 JavaThread "Worker-Main-39" daemon [_thread_blocked, id=6244, stack(0x00000042c8f00000,0x00000042c9000000)]
  0x000001fd653cf000 JavaThread "Sound engine" daemon [_thread_blocked, id=7712, stack(0x00000042cc500000,0x00000042cc600000)]
  0x000001fd653cf800 JavaThread "Netty Server IO #1" daemon [_thread_in_native, id=6520, stack(0x00000042cc400000,0x00000042cc500000)]
  0x000001fd653c9800 JavaThread "Netty Local Client IO #0" daemon [_thread_blocked, id=21384, stack(0x00000042cc300000,0x00000042cc400000)]
  0x000001fd69ceb000 JavaThread "Netty Server IO #0" daemon [_thread_in_native, id=22744, stack(0x00000042cc100000,0x00000042cc200000)]
  0x000001fd69ce9800 JavaThread "ObjectCleanerThread" daemon [_thread_blocked, id=21764, stack(0x00000042cbf00000,0x00000042cc000000)]
  0x000001fd66e7e800 JavaThread "Java2D Disposer" daemon [_thread_blocked, id=14288, stack(0x00000042cbe00000,0x00000042cbf00000)]
  0x000001fd69cec800 JavaThread "Thread-11" daemon [_thread_in_native, id=21368, stack(0x00000042cb700000,0x00000042cb800000)]
  0x000001fd69ced000 JavaThread "Snooper Timer" daemon [_thread_blocked, id=6680, stack(0x00000042cb400000,0x00000042cb500000)]
  0x000001fd69cdf800 JavaThread "Narrator" [_thread_blocked, id=16536, stack(0x00000042cc000000,0x00000042cc100000)]
  0x000001fd69ce0800 JavaThread "Snooper Timer" daemon [_thread_blocked, id=9140, stack(0x00000042cb200000,0x00000042cb300000)]
  0x000001fd66e80000 JavaThread "Timer hack thread" daemon [_thread_blocked, id=9036, stack(0x00000042ca700000,0x00000042ca800000)]
  0x000001fd5377a000 JavaThread "Thread-2" daemon [_thread_in_native, id=13136, stack(0x00000042ca900000,0x00000042caa00000)]
  0x000001fd525c1000 JavaThread "Thread-1" daemon [_thread_blocked, id=13888, stack(0x00000042ca800000,0x00000042ca900000)]
  0x000001fd5107c000 JavaThread "Service Thread" daemon [_thread_blocked, id=3792, stack(0x00000042ca500000,0x00000042ca600000)]
  0x000001fd50fce000 JavaThread "C1 CompilerThread3" daemon [_thread_blocked, id=22272, stack(0x00000042ca400000,0x00000042ca500000)]
  0x000001fd50fcd800 JavaThread "C2 CompilerThread2" daemon [_thread_blocked, id=21024, stack(0x00000042ca300000,0x00000042ca400000)]
  0x000001fd50fcc800 JavaThread "C2 CompilerThread1" daemon [_thread_blocked, id=13232, stack(0x00000042ca200000,0x00000042ca300000)]
  0x000001fd50fcc000 JavaThread "C2 CompilerThread0" daemon [_thread_blocked, id=7884, stack(0x00000042ca100000,0x00000042ca200000)]
  0x000001fd4eea6000 JavaThread "JDWP Event Helper Thread" daemon [_thread_blocked, id=16576, stack(0x00000042c9f00000,0x00000042ca000000)]
  0x000001fd4ee8a800 JavaThread "Attach Listener" daemon [_thread_blocked, id=10892, stack(0x00000042c9d00000,0x00000042c9e00000)]
  0x000001fd4ee89800 JavaThread "Signal Dispatcher" daemon [_thread_blocked, id=14904, stack(0x00000042c9c00000,0x00000042c9d00000)]
  0x000001fd342ba800 JavaThread "Finalizer" daemon [_thread_blocked, id=3688, stack(0x00000042c9b00000,0x00000042c9c00000)]
  0x000001fd342b1800 JavaThread "Reference Handler" daemon [_thread_blocked, id=8480, stack(0x00000042c9a00000,0x00000042c9b00000)]
  0x000001fd34215800 JavaThread "Render thread" [_thread_blocked, id=14968, stack(0x00000042c9000000,0x00000042c9100000)]

Other Threads:
=>0x000001fd4ee3f000 VMThread [stack: 0x00000042c9900000,0x00000042c9a00000] [id=17948]

VM state:at safepoint (shutting down)

VM Mutex/Monitor currently owned by a thread:  ([mutex/lock_event])
[0x000001fd342144c0] Threads_lock - owner thread: 0x000001fd4ee3f000

heap address: 0x00000006c6800000, size: 3992 MB, Compressed Oops mode: Zero based, Oop shift amount: 3
Narrow klass base: 0x0000000000000000, Narrow klass shift: 3
Compressed class space size: 1073741824 Address: 0x00000007c0000000

Heap:
 PSYoungGen      total 1225216K, used 228436K [0x000000076cd80000, 0x00000007c0000000, 0x00000007c0000000)
  eden space 1096192K, 16% used [0x000000076cd80000,0x0000000777df6d78,0x00000007afc00000)
  from space 129024K, 36% used [0x00000007b7800000,0x00000007ba69e608,0x00000007bf600000)
  to   space 126976K, 0% used [0x00000007afc00000,0x00000007afc00000,0x00000007b7800000)
 ParOldGen       total 528384K, used 402549K [0x00000006c6800000, 0x00000006e6c00000, 0x000000076cd80000)
  object space 528384K, 76% used [0x00000006c6800000,0x00000006df11d4b8,0x00000006e6c00000)
 Metaspace       used 99806K, capacity 113290K, committed 113452K, reserved 1144832K
  class space    used 14063K, capacity 17131K, committed 17196K, reserved 1048576K

Card table byte_map: [0x000001fd45060000,0x000001fd45830000] byte_map_base: 0x000001fd41a2c000

Marking Bits: (ParMarkBitMap*) 0x0000000057617fe0
 Begin Bits: [0x000001fd45d70000, 0x000001fd49bd0000)
 End Bits:   [0x000001fd49bd0000, 0x000001fd4da30000)

Polling page: 0x000001fd34430000

CodeCache: size=245760Kb used=71052Kb max_used=72150Kb free=174707Kb
 bounds [0x000001fd35ca0000, 0x000001fd3a3d0000, 0x000001fd44ca0000]
 total_blobs=19819 nmethods=18023 adapters=1711
 compilation: enabled

Compilation events (10 events):
Event: 348.021 Thread 0x000001fd50fce000 nmethod 27098 0x000001fd39a1fb90 code [0x000001fd39a1fce0, 0x000001fd39a1fdf8]
Event: 348.097 Thread 0x000001fd50fcc000 27099       4       net.minecraft.util.math.shapes.OffsetDoubleList::size (10 bytes)
Event: 348.099 Thread 0x000001fd50fcc000 nmethod 27099 0x000001fd39c51690 code [0x000001fd39c517e0, 0x000001fd39c518b8]
Event: 348.239 Thread 0x000001fd50fce000 27100       3       org.apache.logging.log4j.core.Logger$PrivateConfig::filter (79 bytes)
Event: 348.240 Thread 0x000001fd50fce000 nmethod 27100 0x000001fd3773ae10 code [0x000001fd3773afa0, 0x000001fd3773b540]
Event: 348.535 Thread 0x000001fd50fce000 27101       3       net.minecraft.block.AbstractPressurePlateBlock::getShape (18 bytes)
Event: 348.536 Thread 0x000001fd50fce000 nmethod 27101 0x000001fd38c6fa90 code [0x000001fd38c6fc00, 0x000001fd38c6feb0]
Event: 348.655 Thread 0x000001fd50fce000 27102       3       org.apache.logging.log4j.spi.AbstractLogger::logIfEnabled (29 bytes)
Event: 348.658 Thread 0x000001fd50fce000 nmethod 27102 0x000001fd39812610 code [0x000001fd39812820, 0x000001fd398135a0]
Event: 348.759 Thread 0x000001fd50fcd800 27103  s    4       java.util.Vector::elementAt (48 bytes)

GC Heap History (10 events):
Event: 279.714 GC heap before
{Heap before GC invocations=104 (full 4):
 PSYoungGen      total 1201664K, used 1201363K [0x000000076cd80000, 0x00000007c0000000, 0x00000007c0000000)
  eden space 1108480K, 100% used [0x000000076cd80000,0x00000007b0800000,0x00000007b0800000)
  from space 93184K, 99% used [0x00000007b0800000,0x00000007b62b4ed8,0x00000007b6300000)
  to   space 131072K, 0% used [0x00000007b8000000,0x00000007b8000000,0x00000007c0000000)
 ParOldGen       total 528384K, used 351306K [0x00000006c6800000, 0x00000006e6c00000, 0x000000076cd80000)
  object space 528384K, 66% used [0x00000006c6800000,0x00000006dbf12bb8,0x00000006e6c00000)
 Metaspace       used 99538K, capacity 112894K, committed 113196K, reserved 1144832K
  class space    used 14032K, capacity 17093K, committed 17196K, reserved 1048576K
Event: 279.757 GC heap after
Heap after GC invocations=104 (full 4):
 PSYoungGen      total 1224192K, used 95276K [0x000000076cd80000, 0x00000007c0000000, 0x00000007c0000000)
  eden space 1093120K, 0% used [0x000000076cd80000,0x000000076cd80000,0x00000007af900000)
  from space 131072K, 72% used [0x00000007b8000000,0x00000007bdd0b038,0x00000007c0000000)
  to   space 134656K, 0% used [0x00000007af900000,0x00000007af900000,0x00000007b7c80000)
 ParOldGen       total 528384K, used 351306K [0x00000006c6800000, 0x00000006e6c00000, 0x000000076cd80000)
  object space 528384K, 66% used [0x00000006c6800000,0x00000006dbf12bb8,0x00000006e6c00000)
 Metaspace       used 99538K, capacity 112894K, committed 113196K, reserved 1144832K
  class space    used 14032K, capacity 17093K, committed 17196K, reserved 1048576K
}
Event: 293.257 GC heap before
{Heap before GC invocations=105 (full 4):
 PSYoungGen      total 1224192K, used 1188396K [0x000000076cd80000, 0x00000007c0000000, 0x00000007c0000000)
  eden space 1093120K, 100% used [0x000000076cd80000,0x00000007af900000,0x00000007af900000)
  from space 131072K, 72% used [0x00000007b8000000,0x00000007bdd0b038,0x00000007c0000000)
  to   space 134656K, 0% used [0x00000007af900000,0x00000007af900000,0x00000007b7c80000)
 ParOldGen       total 528384K, used 351362K [0x00000006c6800000, 0x00000006e6c00000, 0x000000076cd80000)
  object space 528384K, 66% used [0x00000006c6800000,0x00000006dbf20bf0,0x00000006e6c00000)
 Metaspace       used 99574K, capacity 112976K, committed 113196K, reserved 1144832K
  class space    used 14033K, capacity 17094K, committed 17196K, reserved 1048576K
Event: 293.292 GC heap after
Heap after GC invocations=105 (full 4):
 PSYoungGen      total 1185280K, used 91825K [0x000000076cd80000, 0x00000007c0000000, 0x00000007c0000000)
  eden space 1093120K, 0% used [0x000000076cd80000,0x000000076cd80000,0x00000007af900000)
  from space 92160K, 99% used [0x00000007af900000,0x00000007b52ac7b8,0x00000007b5300000)
  to   space 136192K, 0% used [0x00000007b7b00000,0x00000007b7b00000,0x00000007c0000000)
 ParOldGen       total 528384K, used 351370K [0x00000006c6800000, 0x00000006e6c00000, 0x000000076cd80000)
  object space 528384K, 66% used [0x00000006c6800000,0x00000006dbf22bf0,0x00000006e6c00000)
 Metaspace       used 99574K, capacity 112976K, committed 113196K, reserved 1144832K
  class space    used 14033K, capacity 17094K, committed 17196K, reserved 1048576K
}
Event: 304.024 GC heap before
{Heap before GC invocations=106 (full 4):
 PSYoungGen      total 1185280K, used 1184945K [0x000000076cd80000, 0x00000007c0000000, 0x00000007c0000000)
  eden space 1093120K, 100% used [0x000000076cd80000,0x00000007af900000,0x00000007af900000)
  from space 92160K, 99% used [0x00000007af900000,0x00000007b52ac7b8,0x00000007b5300000)
  to   space 136192K, 0% used [0x00000007b7b00000,0x00000007b7b00000,0x00000007c0000000)
 ParOldGen       total 528384K, used 351370K [0x00000006c6800000, 0x00000006e6c00000, 0x000000076cd80000)
  object space 528384K, 66% used [0x00000006c6800000,0x00000006dbf22bf0,0x00000006e6c00000)
 Metaspace       used 99630K, capacity 113006K, committed 113196K, reserved 1144832K
  class space    used 14037K, capacity 17097K, committed 17196K, reserved 1048576K
Event: 304.062 GC heap after
Heap after GC invocations=106 (full 4):
 PSYoungGen      total 1230336K, used 58909K [0x000000076cd80000, 0x00000007c0000000, 0x00000007c0000000)
  eden space 1094144K, 0% used [0x000000076cd80000,0x000000076cd80000,0x00000007afa00000)
  from space 136192K, 43% used [0x00000007b7b00000,0x00000007bb487420,0x00000007c0000000)
  to   space 132096K, 0% used [0x00000007afa00000,0x00000007afa00000,0x00000007b7b00000)
 ParOldGen       total 528384K, used 391350K [0x00000006c6800000, 0x00000006e6c00000, 0x000000076cd80000)
  object space 528384K, 74% used [0x00000006c6800000,0x00000006de62db80,0x00000006e6c00000)
 Metaspace       used 99630K, capacity 113006K, committed 113196K, reserved 1144832K
  class space    used 14037K, capacity 17097K, committed 17196K, reserved 1048576K
}
Event: 319.328 GC heap before
{Heap before GC invocations=107 (full 4):
 PSYoungGen      total 1230336K, used 1153053K [0x000000076cd80000, 0x00000007c0000000, 0x00000007c0000000)
  eden space 1094144K, 100% used [0x000000076cd80000,0x00000007afa00000,0x00000007afa00000)
  from space 136192K, 43% used [0x00000007b7b00000,0x00000007bb487420,0x00000007c0000000)
  to   space 132096K, 0% used [0x00000007afa00000,0x00000007afa00000,0x00000007b7b00000)
 ParOldGen       total 528384K, used 391350K [0x00000006c6800000, 0x00000006e6c00000, 0x000000076cd80000)
  object space 528384K, 74% used [0x00000006c6800000,0x00000006de62db80,0x00000006e6c00000)
 Metaspace       used 99683K, capacity 113110K, committed 113452K, reserved 1144832K
  class space    used 14043K, capacity 17107K, committed 17196K, reserved 1048576K
Event: 319.362 GC heap after
Heap after GC invocations=107 (full 4):
 PSYoungGen      total 1148416K, used 53887K [0x000000076cd80000, 0x00000007bf600000, 0x00000007c0000000)
  eden space 1094144K, 0% used [0x000000076cd80000,0x000000076cd80000,0x00000007afa00000)
  from space 54272K, 99% used [0x00000007afa00000,0x00000007b2e9fcb8,0x00000007b2f00000)
  to   space 129024K, 0% used [0x00000007b7800000,0x00000007b7800000,0x00000007bf600000)
 ParOldGen       total 528384K, used 399575K [0x00000006c6800000, 0x00000006e6c00000, 0x000000076cd80000)
  object space 528384K, 75% used [0x00000006c6800000,0x00000006dee35d28,0x00000006e6c00000)
 Metaspace       used 99683K, capacity 113110K, committed 113452K, reserved 1144832K
  class space    used 14043K, capacity 17107K, committed 17196K, reserved 1048576K
}
Event: 347.744 GC heap before
{Heap before GC invocations=108 (full 4):
 PSYoungGen      total 1148416K, used 1148031K [0x000000076cd80000, 0x00000007bf600000, 0x00000007c0000000)
  eden space 1094144K, 100% used [0x000000076cd80000,0x00000007afa00000,0x00000007afa00000)
  from space 54272K, 99% used [0x00000007afa00000,0x00000007b2e9fcb8,0x00000007b2f00000)
  to   space 129024K, 0% used [0x00000007b7800000,0x00000007b7800000,0x00000007bf600000)
 ParOldGen       total 528384K, used 399575K [0x00000006c6800000, 0x00000006e6c00000, 0x000000076cd80000)
  object space 528384K, 75% used [0x00000006c6800000,0x00000006dee35d28,0x00000006e6c00000)
 Metaspace       used 99802K, capacity 113284K, committed 113452K, reserved 1144832K
  class space    used 14062K, capacity 17130K, committed 17196K, reserved 1048576K
Event: 347.777 GC heap after
Heap after GC invocations=108 (full 4):
 PSYoungGen      total 1225216K, used 47737K [0x000000076cd80000, 0x00000007c0000000, 0x00000007c0000000)
  eden space 1096192K, 0% used [0x000000076cd80000,0x000000076cd80000,0x00000007afc00000)
  from space 129024K, 36% used [0x00000007b7800000,0x00000007ba69e608,0x00000007bf600000)
  to   space 126976K, 0% used [0x00000007afc00000,0x00000007afc00000,0x00000007b7800000)
 ParOldGen       total 528384K, used 402549K [0x00000006c6800000, 0x00000006e6c00000, 0x000000076cd80000)
  object space 528384K, 76% used [0x00000006c6800000,0x00000006df11d4b8,0x00000006e6c00000)
 Metaspace       used 99802K, capacity 113284K, committed 113452K, reserved 1144832K
  class space    used 14062K, capacity 17130K, committed 17196K, reserved 1048576K
}

Deoptimization events (10 events):
Event: 347.286 Thread 0x000001fd69ceb800 Uncommon trap: reason=class_check action=maybe_recompile pc=0x000001fd3713b860 method=org.apache.logging.log4j.core.Logger$PrivateConfig.filter(Lorg/apache/logging/log4j/Level;Lorg/apache/logging/log4j/Marker;Ljava/lang/String;Ljava/lang/Object;Ljava/lang
Event: 347.286 Thread 0x000001fd69ceb800 Uncommon trap: reason=class_check action=maybe_recompile pc=0x000001fd371e2610 method=org.apache.logging.log4j.core.Logger$PrivateConfig.filter(Lorg/apache/logging/log4j/Level;Lorg/apache/logging/log4j/Marker;Ljava/lang/String;)Z @ 4
Event: 347.287 Thread 0x000001fd69ceb800 Uncommon trap: reason=class_check action=maybe_recompile pc=0x000001fd3713b860 method=org.apache.logging.log4j.core.Logger$PrivateConfig.filter(Lorg/apache/logging/log4j/Level;Lorg/apache/logging/log4j/Marker;Ljava/lang/String;Ljava/lang/Object;Ljava/lang
Event: 347.308 Thread 0x000001fd69ceb800 Uncommon trap: reason=class_check action=maybe_recompile pc=0x000001fd376336a0 method=org.apache.logging.log4j.core.Logger$PrivateConfig.filter(Lorg/apache/logging/log4j/Level;Lorg/apache/logging/log4j/Marker;Ljava/lang/String;Ljava/lang/Object;Ljava/lang
Event: 347.309 Thread 0x000001fd69ceb800 Uncommon trap: reason=class_check action=maybe_recompile pc=0x000001fd376336a0 method=org.apache.logging.log4j.core.Logger$PrivateConfig.filter(Lorg/apache/logging/log4j/Level;Lorg/apache/logging/log4j/Marker;Ljava/lang/String;Ljava/lang/Object;Ljava/lang
Event: 347.309 Thread 0x000001fd69ceb800 Uncommon trap: reason=class_check action=maybe_recompile pc=0x000001fd376336a0 method=org.apache.logging.log4j.core.Logger$PrivateConfig.filter(Lorg/apache/logging/log4j/Level;Lorg/apache/logging/log4j/Marker;Ljava/lang/String;Ljava/lang/Object;Ljava/lang
Event: 347.309 Thread 0x000001fd69ceb800 Uncommon trap: reason=class_check action=maybe_recompile pc=0x000001fd376336a0 method=org.apache.logging.log4j.core.Logger$PrivateConfig.filter(Lorg/apache/logging/log4j/Level;Lorg/apache/logging/log4j/Marker;Ljava/lang/String;Ljava/lang/Object;Ljava/lang
Event: 347.309 Thread 0x000001fd69ceb800 Uncommon trap: reason=class_check action=maybe_recompile pc=0x000001fd37ab0584 method=org.apache.logging.log4j.core.Logger$PrivateConfig.filter(Lorg/apache/logging/log4j/Level;Lorg/apache/logging/log4j/Marker;Ljava/lang/String;Ljava/lang/Object;Ljava/lang
Event: 348.758 Thread 0x000001fd69ceb800 Uncommon trap: reason=bimorphic action=maybe_recompile pc=0x000001fd38ca1fbc method=java.util.concurrent.ConcurrentHashMap.replaceNode(Ljava/lang/Object;Ljava/lang/Object;Ljava/lang/Object;)Ljava/lang/Object; @ 147
Event: 348.758 Thread 0x000001fd69ceb800 Uncommon trap: reason=bimorphic action=maybe_recompile pc=0x000001fd38ca1fbc method=java.util.concurrent.ConcurrentHashMap.replaceNode(Ljava/lang/Object;Ljava/lang/Object;Ljava/lang/Object;)Ljava/lang/Object; @ 147

Classes redefined (0 events):
No events

Internal exceptions (10 events):
Event: 347.273 Thread 0x000001fd69ceb800 Exception <a 'sun/nio/fs/WindowsException'> (0x00000007acacfeb8) thrown at [C:\jenkins\workspace\8-2-build-windows-amd64-cygwin\jdk8u271\605\hotspot\src\share\vm\prims\jni.cpp, line 710]
Event: 347.273 Thread 0x000001fd69ceb800 Exception <a 'sun/nio/fs/WindowsException'> (0x00000007acad0c50) thrown at [C:\jenkins\workspace\8-2-build-windows-amd64-cygwin\jdk8u271\605\hotspot\src\share\vm\prims\jni.cpp, line 710]
Event: 347.281 Thread 0x000001fd69ceb800 Exception <a 'java/lang/IncompatibleClassChangeError': Found class java.lang.Object, but interface was expected> (0x00000007acadb550) thrown at [C:\jenkins\workspace\8-2-build-windows-amd64-cygwin\jdk8u271\605\hotspot\src\share\vm\interpreter\linkResolver
Event: 347.284 Thread 0x000001fd69ceb800 Exception <a 'sun/nio/fs/WindowsException'> (0x00000007acaeb4d0) thrown at [C:\jenkins\workspace\8-2-build-windows-amd64-cygwin\jdk8u271\605\hotspot\src\share\vm\prims\jni.cpp, line 710]
Event: 347.285 Thread 0x000001fd69ceb800 Exception <a 'sun/nio/fs/WindowsException'> (0x00000007acaeb988) thrown at [C:\jenkins\workspace\8-2-build-windows-amd64-cygwin\jdk8u271\605\hotspot\src\share\vm\prims\jni.cpp, line 710]
Event: 347.285 Thread 0x000001fd69ceb800 Exception <a 'sun/nio/fs/WindowsException'> (0x00000007acaec3b8) thrown at [C:\jenkins\workspace\8-2-build-windows-amd64-cygwin\jdk8u271\605\hotspot\src\share\vm\prims\jni.cpp, line 710]
Event: 347.285 Thread 0x000001fd69ceb800 Exception <a 'sun/nio/fs/WindowsException'> (0x00000007acaeca68) thrown at [C:\jenkins\workspace\8-2-build-windows-amd64-cygwin\jdk8u271\605\hotspot\src\share\vm\prims\jni.cpp, line 710]
Event: 347.285 Thread 0x000001fd69ceb800 Exception <a 'sun/nio/fs/WindowsException'> (0x00000007acaed7a0) thrown at [C:\jenkins\workspace\8-2-build-windows-amd64-cygwin\jdk8u271\605\hotspot\src\share\vm\prims\jni.cpp, line 710]
Event: 347.285 Thread 0x000001fd69ceb800 Exception <a 'sun/nio/fs/WindowsException'> (0x00000007acaedc58) thrown at [C:\jenkins\workspace\8-2-build-windows-amd64-cygwin\jdk8u271\605\hotspot\src\share\vm\prims\jni.cpp, line 710]
Event: 348.759 Thread 0x000001fd69cec800 Exception <a 'sun/nio/fs/WindowsException'> (0x0000000777b6aa38) thrown at [C:\jenkins\workspace\8-2-build-windows-amd64-cygwin\jdk8u271\605\hotspot\src\share\vm\prims\jni.cpp, line 710]

Events (10 events):
Event: 348.753 loading class net/minecraftforge/fml/config/ConfigTracker done
Event: 348.758 Thread 0x000001fd69ceb800 Uncommon trap: trap_request=0xffffffc6 fr.pc=0x000001fd38ca1fbc
Event: 348.758 Thread 0x000001fd69ceb800 DEOPT PACKING pc=0x000001fd38ca1fbc sp=0x00000042cb6fed10
Event: 348.758 Thread 0x000001fd69ceb800 DEOPT UNPACKING pc=0x000001fd35ce5843 sp=0x00000042cb6fece0 mode 2
Event: 348.758 Thread 0x000001fd69ceb800 Uncommon trap: trap_request=0xffffffc6 fr.pc=0x000001fd38ca1fbc
Event: 348.758 Thread 0x000001fd69ceb800 DEOPT PACKING pc=0x000001fd38ca1fbc sp=0x00000042cb6fed10
Event: 348.758 Thread 0x000001fd69ceb800 DEOPT UNPACKING pc=0x000001fd35ce5843 sp=0x00000042cb6fece0 mode 2
Event: 348.759 Thread 0x000001fd69ceb800 Thread exited: 0x000001fd69ceb800
Event: 348.759 Thread 0x000001fd69ce8000 Thread exited: 0x000001fd69ce8000
Event: 348.760 Executing VM operation: Exit


Dynamic libraries:
0x00007ff7c4830000 - 0x00007ff7c4877000 	C:\Program Files\Java\jdk1.8.0_271\bin\java.exe
0x00007ff994640000 - 0x00007ff994830000 	C:\Windows\SYSTEM32\ntdll.dll
0x00007ff993c10000 - 0x00007ff993cc2000 	C:\Windows\System32\KERNEL32.DLL
0x00007ff9915b0000 - 0x00007ff991855000 	C:\Windows\System32\KERNELBASE.dll
0x00007ff993d00000 - 0x00007ff993da3000 	C:\Windows\System32\ADVAPI32.dll
0x00007ff9933d0000 - 0x00007ff99346e000 	C:\Windows\System32\msvcrt.dll
0x00007ff993320000 - 0x00007ff9933b7000 	C:\Windows\System32\sechost.dll
0x00007ff993af0000 - 0x00007ff993c10000 	C:\Windows\System32\RPCRT4.dll
0x00007ff992de0000 - 0x00007ff992f74000 	C:\Windows\System32\USER32.dll
0x00007ff9920f0000 - 0x00007ff992111000 	C:\Windows\System32\win32u.dll
0x00007ff992b50000 - 0x00007ff992b76000 	C:\Windows\System32\GDI32.dll
0x00007ff992460000 - 0x00007ff9925f6000 	C:\Windows\System32\gdi32full.dll
0x00007ff992620000 - 0x00007ff9926be000 	C:\Windows\System32\msvcp_win.dll
0x00007ff991860000 - 0x00007ff99195a000 	C:\Windows\System32\ucrtbase.dll
0x00007ff96ccf0000 - 0x00007ff96cf74000 	C:\Windows\WinSxS\amd64_microsoft.windows.common-controls_6595b64144ccf1df_6.0.18362.1256_none_9e7e379be45e40e2\COMCTL32.dll
0x00007ff992760000 - 0x00007ff992a96000 	C:\Windows\System32\combase.dll
0x00007ff992120000 - 0x00007ff9921a1000 	C:\Windows\System32\bcryptPrimitives.dll
0x00007ff993cd0000 - 0x00007ff993cfe000 	C:\Windows\System32\IMM32.DLL
0x00007ff97c400000 - 0x00007ff97c415000 	C:\Program Files\Java\jdk1.8.0_271\jre\bin\vcruntime140.dll
0x00007ff977da0000 - 0x00007ff977e3b000 	C:\Program Files\Java\jdk1.8.0_271\jre\bin\msvcp140.dll
0x0000000056e20000 - 0x000000005768f000 	C:\Program Files\Java\jdk1.8.0_271\jre\bin\server\jvm.dll
0x00007ff9931c0000 - 0x00007ff9931c8000 	C:\Windows\System32\PSAPI.DLL
0x00007ff983e30000 - 0x00007ff983e3a000 	C:\Windows\SYSTEM32\VERSION.dll
0x00007ff98a510000 - 0x00007ff98a519000 	C:\Windows\SYSTEM32\WSOCK32.dll
0x00007ff98fe70000 - 0x00007ff98fe94000 	C:\Windows\SYSTEM32\WINMM.dll
0x00007ff993130000 - 0x00007ff99319f000 	C:\Windows\System32\WS2_32.dll
0x00007ff98fe40000 - 0x00007ff98fe6d000 	C:\Windows\SYSTEM32\WINMMBASE.dll
0x00007ff9922c0000 - 0x00007ff99230a000 	C:\Windows\System32\cfgmgr32.dll
0x00007ff991540000 - 0x00007ff991551000 	C:\Windows\System32\kernel.appcore.dll
0x00007ff97f140000 - 0x00007ff97f150000 	C:\Program Files\Java\jdk1.8.0_271\jre\bin\verify.dll
0x00007ff97b500000 - 0x00007ff97b52b000 	C:\Program Files\Java\jdk1.8.0_271\jre\bin\java.dll
0x00007ff97a990000 - 0x00007ff97a9c6000 	C:\Program Files\Java\jdk1.8.0_271\jre\bin\jdwp.dll
0x00007ff98a860000 - 0x00007ff98a869000 	C:\Program Files\Java\jdk1.8.0_271\jre\bin\npt.dll
0x00007ff97a810000 - 0x00007ff97a840000 	C:\Program Files\Java\jdk1.8.0_271\jre\bin\instrument.dll
0x00007ff97c270000 - 0x00007ff97c288000 	C:\Program Files\Java\jdk1.8.0_271\jre\bin\zip.dll
0x00007ff993db0000 - 0x00007ff994497000 	C:\Windows\System32\SHELL32.dll
0x00007ff992aa0000 - 0x00007ff992b49000 	C:\Windows\System32\shcore.dll
0x00007ff991960000 - 0x00007ff9920e1000 	C:\Windows\System32\windows.storage.dll
0x00007ff991560000 - 0x00007ff991583000 	C:\Windows\System32\profapi.dll
0x00007ff9914f0000 - 0x00007ff99153a000 	C:\Windows\System32\powrprof.dll
0x00007ff9914e0000 - 0x00007ff9914f0000 	C:\Windows\System32\UMPDC.dll
0x00007ff993a20000 - 0x00007ff993a72000 	C:\Windows\System32\shlwapi.dll
0x00007ff992600000 - 0x00007ff992617000 	C:\Windows\System32\cryptsp.dll
0x00007ff98a850000 - 0x00007ff98a85a000 	C:\Program Files\Java\jdk1.8.0_271\jre\bin\dt_socket.dll
0x00007ff990d30000 - 0x00007ff990d97000 	C:\Windows\system32\mswsock.dll
0x00007ff97c430000 - 0x00007ff97c43d000 	C:\Program Files\Java\jdk1.8.0_271\jre\bin\management.dll
0x00007ff97a890000 - 0x00007ff97a8ac000 	C:\Program Files\Java\jdk1.8.0_271\jre\bin\net.dll
0x00007ff91d050000 - 0x00007ff91d066000 	C:\Windows\system32\napinsp.dll
0x00007ff91cf40000 - 0x00007ff91cf5a000 	C:\Windows\system32\pnrpnsp.dll
0x00007ff990a80000 - 0x00007ff990b4b000 	C:\Windows\SYSTEM32\DNSAPI.dll
0x00007ff9933c0000 - 0x00007ff9933c8000 	C:\Windows\System32\NSI.dll
0x00007ff990a40000 - 0x00007ff990a7a000 	C:\Windows\SYSTEM32\IPHLPAPI.DLL
0x00007ff977a80000 - 0x00007ff977a8e000 	C:\Windows\System32\winrnr.dll
0x00007ff98a490000 - 0x00007ff98a4ac000 	C:\Windows\system32\NLAapi.dll
0x00007ff989b80000 - 0x00007ff989b95000 	C:\Windows\system32\wshbth.dll
0x00007ff9867f0000 - 0x00007ff9867fa000 	C:\Windows\System32\rasadhlp.dll
0x00007ff983d50000 - 0x00007ff983dc7000 	C:\Windows\System32\fwpuclnt.dll
0x00007ff9926c0000 - 0x00007ff9926e6000 	C:\Windows\System32\bcrypt.dll
0x00007ff97a870000 - 0x00007ff97a883000 	C:\Program Files\Java\jdk1.8.0_271\jre\bin\nio.dll
0x00007ff97a840000 - 0x00007ff97a864000 	C:\Program Files\Java\jdk1.8.0_271\jre\bin\sunec.dll
0x00007ff983e90000 - 0x00007ff983ea6000 	C:\Windows\SYSTEM32\dhcpcsvc6.DLL
0x00007ff9840b0000 - 0x00007ff9840cc000 	C:\Windows\SYSTEM32\dhcpcsvc.DLL
0x00007ff9908a0000 - 0x00007ff9908d3000 	C:\Windows\system32\rsaenh.dll
0x00007ff991400000 - 0x00007ff991425000 	C:\Windows\SYSTEM32\USERENV.dll
0x00007ff990f00000 - 0x00007ff990f0c000 	C:\Windows\SYSTEM32\CRYPTBASE.dll
0x00007ff977e50000 - 0x00007ff977ec2000 	C:\Users\ryanm\AppData\Local\Temp\lwjglryanm\3.2.2-build-10\lwjgl.dll
0x00007ff922270000 - 0x00007ff9224c1000 	C:\Users\ryanm\AppData\Local\Temp\lwjglryanm\3.2.2-build-10\jemalloc.dll
0x00007ff972250000 - 0x00007ff9722ae000 	C:\Users\ryanm\AppData\Local\Temp\lwjglryanm\3.2.2-build-10\glfw.dll
0x00007ff98bf60000 - 0x00007ff98bff9000 	C:\Windows\system32\uxtheme.dll
0x00007ff96b300000 - 0x00007ff96b343000 	C:\Windows\SYSTEM32\dinput8.dll
0x00007ff97a7d0000 - 0x00007ff97a7e1000 	C:\Windows\SYSTEM32\xinput1_4.dll
0x00007ff9912d0000 - 0x00007ff9912fa000 	C:\Windows\SYSTEM32\DEVOBJ.dll
0x00007ff98c2c0000 - 0x00007ff98c2ed000 	C:\Windows\SYSTEM32\dwmapi.dll
0x00007ff97eb90000 - 0x00007ff97ecab000 	C:\Windows\SYSTEM32\inputhost.dll
0x00007ff98baa0000 - 0x00007ff98bb74000 	C:\Windows\SYSTEM32\CoreMessaging.dll
0x00007ff989590000 - 0x00007ff9896e3000 	C:\Windows\SYSTEM32\wintypes.dll
0x00007ff98c870000 - 0x00007ff98c960000 	C:\Windows\SYSTEM32\PROPSYS.dll
0x00007ff988b90000 - 0x00007ff988eba000 	C:\Windows\SYSTEM32\CoreUIComponents.dll
0x00007ff9931d0000 - 0x00007ff993295000 	C:\Windows\System32\OLEAUT32.dll
0x00007ff990520000 - 0x00007ff990551000 	C:\Windows\SYSTEM32\ntmarta.dll
0x00007ff9938e0000 - 0x00007ff993a15000 	C:\Windows\System32\MSCTF.dll
0x00007ff98ca10000 - 0x00007ff98ca1e000 	C:\Windows\SYSTEM32\HID.DLL
0x00007ff993470000 - 0x00007ff9938e0000 	C:\Windows\System32\SETUPAPI.DLL
0x00007ff9921b0000 - 0x00007ff99220c000 	C:\Windows\System32\WINTRUST.dll
0x00007ff991590000 - 0x00007ff9915a2000 	C:\Windows\System32\MSASN1.dll
0x00007ff992310000 - 0x00007ff992459000 	C:\Windows\System32\CRYPT32.dll
0x00007ff9570e0000 - 0x00007ff957236000 	C:\Windows\SYSTEM32\opengl32.dll
0x00007ff958160000 - 0x00007ff95818c000 	C:\Windows\SYSTEM32\GLU32.dll
0x00007ff990120000 - 0x00007ff990140000 	C:\Windows\SYSTEM32\dxcore.dll
0x00007ff913680000 - 0x00007ff91468a000 	C:\Windows\System32\DriverStore\FileRepository\iigd_dch.inf_amd64_e73f79cfbbda9e36\ig11icd64.dll
0x00007ff9944a0000 - 0x00007ff9945f7000 	C:\Windows\System32\ole32.dll
0x00007ff9901b0000 - 0x00007ff99029b000 	C:\Windows\system32\dxgi.dll
0x00007ff9842c0000 - 0x00007ff984502000 	C:\Windows\System32\DriverStore\FileRepository\iigd_dch.inf_amd64_e73f79cfbbda9e36\igdgmm64.dll
0x00007ff97f4d0000 - 0x00007ff9820c2000 	C:\Windows\System32\DriverStore\FileRepository\iigd_dch.inf_amd64_e73f79cfbbda9e36\igc64.dll
0x00007ff918f70000 - 0x00007ff91937b000 	C:\Windows\System32\DriverStore\FileRepository\iigd_dch.inf_amd64_e73f79cfbbda9e36\igdml64.dll
0x00007ff96b280000 - 0x00007ff96b2ff000 	C:\Users\ryanm\AppData\Local\Temp\lwjglryanm\3.2.2-build-10\lwjgl_stb.dll
0x00007ff988680000 - 0x00007ff98872e000 	C:\Windows\SYSTEM32\mscms.dll
0x00007ff9887b0000 - 0x00007ff9887c7000 	C:\Windows\SYSTEM32\ColorAdapterClient.dll
0x00007ff9856c0000 - 0x00007ff985703000 	C:\Windows\SYSTEM32\icm32.dll
0x00007ff97f2b0000 - 0x00007ff97f34e000 	C:\Windows\System32\TextInputFramework.dll
0x00007ff97d7e0000 - 0x00007ff97da87000 	C:\Windows\System32\iertutil.dll
0x00007ff95e280000 - 0x00007ff95e2e5000 	C:\Windows\system32\Oleacc.dll
0x00007ff964a00000 - 0x00007ff964a58000 	C:\Users\ryanm\AppData\Local\Temp\lwjglryanm\3.2.2-build-10\lwjgl_opengl.dll
0x00007ff97c3f0000 - 0x00007ff97c3fd000 	C:\Program Files\Java\jdk1.8.0_271\jre\bin\sunmscapi.dll
0x00007ff991000000 - 0x00007ff991026000 	C:\Windows\SYSTEM32\ncrypt.dll
0x00007ff990fc0000 - 0x00007ff990ffb000 	C:\Windows\SYSTEM32\NTASN1.dll
0x00007ff965340000 - 0x00007ff965382000 	C:\Users\ryanm\AppData\Local\Temp\jna-108982841\jna2147108763059329014.dll
0x00007ff97a720000 - 0x00007ff97a73a000 	C:\Users\ryanm\Projects\MCMods\IsometricCamera\build\natives\SAPIWrapper_x64.dll
0x00007ff992b80000 - 0x00007ff992c22000 	C:\Windows\System32\clbcatq.dll
0x00007ff9235d0000 - 0x00007ff92374f000 	C:\Windows\System32\Speech\Common\sapi.dll
0x00007ff97cc50000 - 0x00007ff97cc6c000 	C:\Windows\SYSTEM32\MSACM32.dll
0x00007ff9750c0000 - 0x00007ff9750cb000 	C:\Windows\SYSTEM32\msdmo.dll
0x00007ff9865d0000 - 0x00007ff986642000 	C:\Windows\System32\MMDevApi.dll
0x00007ff91a320000 - 0x00007ff91a434000 	C:\Users\ryanm\AppData\Local\Temp\lwjglryanm\3.2.2-build-10\OpenAL.dll
0x00007ff986650000 - 0x00007ff9867ad000 	C:\Windows\SYSTEM32\AUDIOSES.DLL
0x00007ff918dd0000 - 0x00007ff918f64000 	C:\Program Files\Java\jdk1.8.0_271\jre\bin\awt.dll
0x00007ff98bcb0000 - 0x00007ff98bd3f000 	C:\Windows\SYSTEM32\apphelp.dll
0x00007ff98fc40000 - 0x00007ff98fe34000 	C:\Windows\SYSTEM32\dbghelp.dll

VM Arguments:
jvm_args: -agentlib:jdwp=transport=dt_socket,address=127.0.0.1:50295,suspend=y,server=n -Dforge.logging.console.level=debug -Dforge.logging.markers=SCAN,REGISTRIES,REGISTRYDUMP -XX:HeapDumpPath=MojangTricksIntelDriversForPerformance_javaw.exe_minecraft.exe.heapdump -Dos.name=Windows 10 -Dos.version=10.0 -javaagent:C:\Users\ryanm\AppData\Local\JetBrains\IdeaIC2020.3\groovyHotSwap\gragent.jar -javaagent:C:\Users\ryanm\AppData\Local\JetBrains\IdeaIC2020.3\captureAgent\debugger-agent.jar -Dfile.encoding=UTF-8 
java_command: net.minecraftforge.userdev.LaunchTesting
java_class_path (initial): C:\Program Files\Java\jdk1.8.0_271\jre\lib\charsets.jar;C:\Program Files\Java\jdk1.8.0_271\jre\lib\deploy.jar;C:\Program Files\Java\jdk1.8.0_271\jre\lib\ext\access-bridge-64.jar;C:\Program Files\Java\jdk1.8.0_271\jre\lib\ext\cldrdata.jar;C:\Program Files\Java\jdk1.8.0_271\jre\lib\ext\dnsns.jar;C:\Program Files\Java\jdk1.8.0_271\jre\lib\ext\jaccess.jar;C:\Program Files\Java\jdk1.8.0_271\jre\lib\ext\jfxrt.jar;C:\Program Files\Java\jdk1.8.0_271\jre\lib\ext\localedata.jar;C:\Program Files\Java\jdk1.8.0_271\jre\lib\ext\nashorn.jar;C:\Program Files\Java\jdk1.8.0_271\jre\lib\ext\sunec.jar;C:\Program Files\Java\jdk1.8.0_271\jre\lib\ext\sunjce_provider.jar;C:\Program Files\Java\jdk1.8.0_271\jre\lib\ext\sunmscapi.jar;C:\Program Files\Java\jdk1.8.0_271\jre\lib\ext\sunpkcs11.jar;C:\Program Files\Java\jdk1.8.0_271\jre\lib\ext\zipfs.jar;C:\Program Files\Java\jdk1.8.0_271\jre\lib\javaws.jar;C:\Program Files\Java\jdk1.8.0_271\jre\lib\jce.jar;C:\Program Files\Java\jdk1.8.0_271\jre\lib\jfr.jar;C:\Program Files\Java\jdk1.8.0_271\jre\lib\jfxswt.jar;C:\Program Files\Java\jdk1.8.0_271\jre\lib\jsse.jar;C:\Program Files\Java\jdk1.8.0_271\jre\lib\management-agent.jar;C:\Program Files\Java\jdk1.8.0_271\jre\lib\plugin.jar;C:\Program Files\Java\jdk1.8.0_271\jre\lib\resources.jar;C:\Program Files\Java\jdk1.8.0_271\jre\lib\rt.jar;C:\Users\ryanm\Projects\MCMods\IsometricCamera\build\classes\java\main;C:\Users\ryanm\Projects\MCMods\IsometricCamera\build\resources\main;C:\Users\ryanm\.gradle\caches\forge_gradle\minecraft_user_repo\net\minecraftforge\forge\1.16.4-35.1.13_mapped_snapshot_20201028-1.16.3\forge-1.16.4-35.1.13_mapped_snapshot_20201028-1.16.3-recomp.jar;C:\Users\ryanm\.gradle\caches\forge_gradle\minecraft_user_repo\net\minecraftforge\forge\1.16.4-35.1.13_mapped_snapshot_20201028-1.16.3\forge-1.16.4-35.1.13_mapped_snapshot_20201028-1.16.3-launcher.jar;C:\Users\ryanm\.gradle\caches\forge_gradle\minecraft_repo\versions\1.16.4\client-extra.jar;C:\Users\ryanm\.gra
Launcher Type: SUN_STANDARD

Environment Variables:
PATH=C:\Program Files\Java\jdk1.8.0_271\bin;C:\Windows\system32;C:\Windows;C:\Windows\System32\Wbem;C:\Windows\System32\WindowsPowerShell\v1.0\;C:\Windows\System32\OpenSSH\;C:\Program Files\Microsoft VS Code\bin;C:\Program Files\Git\cmd;C:\Program Files\nodejs\;C:\ProgramData\chocolatey\bin;C:\Users\ryanm\AppData\Local\Microsoft\WindowsApps;C:\Users\ryanm\AppData\Roaming\npm;C:\Program Files\JetBrains\IntelliJ IDEA Community Edition 2020.3\bin;
USERNAME=ryanm
OS=Windows_NT
PROCESSOR_IDENTIFIER=Intel64 Family 6 Model 126 Stepping 5, GenuineIntel



---------------  S Y S T E M  ---------------

OS: Windows 10.0 , 64 bit Build 18362 (10.0.18362.1110)

CPU:total 8 (initial active 8) (4 cores per cpu, 2 threads per core) family 6 model 126 stepping 5, cmov, cx8, fxsr, mmx, sse, sse2, sse3, ssse3, sse4.1, sse4.2, popcnt, avx, avx2, aes, clmul, erms, 3dnowpref, lzcnt, ht, tsc, tscinvbit, bmi1, bmi2, adx

Memory: 4k page, physical 16344744k(2874696k free), swap 27524076k(4423320k free)

vm_info: Java HotSpot(TM) 64-Bit Server VM (25.271-b09) for windows-amd64 JRE (1.8.0_271-b09), built on Sep 16 2020 19:14:59 by "" with MS VC++ 15.9 (VS2017)

time: Tue Jan  5 12:22:26 2021
timezone: Central Standard Time
elapsed time: 349.172160 seconds (0d 0h 5m 49s)

